Output directory: D:\FILE\ShopShot\backend\scripts\../../frontend/public/templates
Using endpoint: ep-20260514120705-pqv86
[clothes] Generating: A stylish young model wearing a trendy oversized hoodie, wal...
[clothes] Video URL: https://ark-content-generation-cn-beijing.tos-cn-beijing.volces.com/doubao-seeda...
  Saved to D:\FILE\ShopShot\backend\scripts\../../frontend/public/templates\clothes.mp4 (6268253 bytes)
[clothes] Done!
[cosmetics] Generating: Close-up of an elegant perfume bottle on a marble vanity, go...
[cosmetics] Video URL: https://ark-content-generation-cn-beijing.tos-cn-beijing.volces.com/doubao-seeda...
  Saved to D:\FILE\ShopShot\backend\scripts\../../frontend/public/templates\cosmetics.mp4 (5805070 bytes)
[cosmetics] Done!
[electronics] Generating: A sleek ultrawide monitor displaying vibrant colorful conten...
[electronics] Video URL: https://ark-content-generation-cn-beijing.tos-cn-beijing.volces.com/doubao-seeda...
  Saved to D:\FILE\ShopShot\backend\scripts\../../frontend/public/templates\electronics.mp4 (3852089 bytes)
[electronics] Done!
[food] Generating: Delicious gourmet burger with melting cheese and fresh veget...
[food] Video URL: https://ark-content-generation-cn-beijing.tos-cn-beijing.volces.com/doubao-seeda...
  Saved to D:\FILE\ShopShot\backend\scripts\../../frontend/public/templates\food.mp4 (6950923 bytes)
[food] Done!
[home] Generating: Cozy modern living room with a plush velvet sofa, soft after...
[home] Video URL: https://ark-content-generation-cn-beijing.tos-cn-beijing.volces.com/doubao-seeda...
  Saved to D:\FILE\ShopShot\backend\scripts\../../frontend/public/templates\home.mp4 (5942039 bytes)
[home] Done!
[sports] Generating: Athletic running shoes in motion on a track, dynamic slow-mo...
[sports] Video URL: https://ark-content-generation-cn-beijing.tos-cn-beijing.volces.com/doubao-seeda...
  Saved to D:\FILE\ShopShot\backend\scripts\../../frontend/public/templates\sports.mp4 (6591884 bytes)
[sports] Done!
[jewelry] Generating: Elegant diamond necklace on a black velvet display, sparklin...
[jewelry] Video URL: https://ark-content-generation-cn-beijing.tos-cn-beijing.volces.com/doubao-seeda...
  Saved to D:\FILE\ShopShot\backend\scripts\../../frontend/public/templates\jewelry.mp4 (5001821 bytes)
[jewelry] Done!

All templates processed.
